  Building 'FsFilter' with toolset 'WindowsKernelModeDriver10.0' and the 'Desktop' target platform.
  Stamping x64\Release\FsFilter.inf
  Stamping [Version] section with DriverVer=03/21/2024,18.19.39.510
C:\Users\hieu\source\repos\Windows-Minifilter-File-System\driver\FsFilter.inf : warning 1420: [DefaultInstall]-based INF cannot be processed as Primitive.
C:\Users\hieu\source\repos\Windows-Minifilter-File-System\driver\FsFilter.inf(25-25): warning 1421: Section [DefaultInstall] should have an architecture decoration.
C:\Users\hieu\source\repos\Windows-Minifilter-File-System\driver\FsFilter.inf(36-36): warning 1421: Section [DefaultUninstall] should have an architecture decoration.
C:\Users\hieu\source\repos\Windows-Minifilter-File-System\driver\FsFilter.inf(73-73): warning 1205: Section [MiniFilter.DriverFiles] referenced from DelFiles and CopyFiles directive.
  comport.cpp
  hide-file.cpp
  ps-monitor.cpp
  file-protect.cpp
  memory.cpp
  MiniFs.cpp
  flt-ex.cpp
  register.cpp
  Generating Code...
  FsFilter.vcxproj -> C:\Users\hieu\source\repos\Windows-Minifilter-File-System\driver\x64\Release\FsFilter.sys
  ........................
  Signability test complete.
  
  Errors:
  None
  
  Warnings:
  None
  
  Catalog generation complete.
  C:\Users\hieu\source\repos\Windows-Minifilter-File-System\driver\x64\Release\FsFilter\fsfilter.cat
